<?xml version="1.0" encoding="UTF-8"?>
<!-- Generated by org.testng.reporters.JUnitXMLReporter -->
<testsuite hostname="smanchukon02pc" ignored="0" name="tests" tests="4" failures="0" timestamp="29 Nov 2018 11:03:08 GMT" time="55.748" errors="0">
  <testcase name="title" time="12.989" classname="tests.Title"/>
  <testcase name="links" time="13.152" classname="tests.HTMLTags"/>
  <testcase name="title" time="14.494" classname="tests.ImplicitExplicitWaits"/>
  <testcase name="newTab" time="15.098" classname="tests.NewTab"/>
</testsuite> <!-- tests -->
