<?xml version="1.0" encoding="UTF-8"?>
<testng-results skipped="0" failed="0" ignored="0" total="4" passed="4">
  <reporter-output>
  </reporter-output>
  <suite name="Inmar_Selenium" duration-ms="55748" started-at="2018-11-29T11:02:12Z" finished-at="2018-11-29T11:03:08Z">
    <groups>
    </groups>
    <test name="tests" duration-ms="55748" started-at="2018-11-29T11:02:12Z" finished-at="2018-11-29T11:03:08Z">
      <class name="tests.NewTab">
        <test-method status="PASS" signature="newTab(java.lang.reflect.Method)[pri:0, instance:tests.NewTab@1ef7fe8e]" name="newTab" duration-ms="15098" started-at="2018-11-29T16:32:53Z" finished-at="2018-11-29T16:33:08Z">
          <params>
            <param index="0">
              <value>
                <![CDATA[public void tests.NewTab.newTab(java.lang.reflect.Method) throws java.lang.InterruptedException]]>
              </value>
            </param>
          </params>
          <reporter-output>
          </reporter-output>
        </test-method> <!-- newTab -->
        <test-method status="PASS" signature="afterMethod(org.testng.ITestResult, java.lang.reflect.Method)[pri:0, instance:tests.NewTab@1ef7fe8e]" name="afterMethod" is-config="true" duration-ms="0" started-at="2018-11-29T16:33:08Z" finished-at="2018-11-29T16:33:08Z">
          <params>
            <param index="0">
              <value>
                <![CDATA[[TestResult name=newTab status=SUCCESS method=NewTab.newTab(java.lang.reflect.Method)[pri:0, instance:tests.NewTab@1ef7fe8e] output={null}]]]>
              </value>
            </param>
            <param index="1">
              <value>
                <![CDATA[public void tests.NewTab.newTab(java.lang.reflect.Method) throws java.lang.InterruptedException]]>
              </value>
            </param>
          </params>
          <reporter-output>
          </reporter-output>
        </test-method> <!-- afterMethod -->
      </class> <!-- tests.NewTab -->
      <class name="tests.HTMLTags">
        <test-method status="PASS" signature="links(java.lang.reflect.Method)[pri:0, instance:tests.HTMLTags@de0a01f]" name="links" duration-ms="13152" started-at="2018-11-29T16:32:25Z" finished-at="2018-11-29T16:32:38Z">
          <params>
            <param index="0">
              <value>
                <![CDATA[public void tests.HTMLTags.links(java.lang.reflect.Method) throws java.lang.InterruptedException]]>
              </value>
            </param>
          </params>
          <reporter-output>
          </reporter-output>
        </test-method> <!-- links -->
        <test-method status="PASS" signature="afterMethod(org.testng.ITestResult, java.lang.reflect.Method)[pri:0, instance:tests.HTMLTags@de0a01f]" name="afterMethod" is-config="true" duration-ms="0" started-at="2018-11-29T16:32:38Z" finished-at="2018-11-29T16:32:38Z">
          <params>
            <param index="0">
              <value>
                <![CDATA[[TestResult name=links status=SUCCESS method=HTMLTags.links(java.lang.reflect.Method)[pri:0, instance:tests.HTMLTags@de0a01f] output={null}]]]>
              </value>
            </param>
            <param index="1">
              <value>
                <![CDATA[public void tests.HTMLTags.links(java.lang.reflect.Method) throws java.lang.InterruptedException]]>
              </value>
            </param>
          </params>
          <reporter-output>
          </reporter-output>
        </test-method> <!-- afterMethod -->
      </class> <!-- tests.HTMLTags -->
      <class name="tests.ImplicitExplicitWaits">
        <test-method status="PASS" signature="title(java.lang.reflect.Method)[pri:0, instance:tests.ImplicitExplicitWaits@4c75cab9]" name="title" duration-ms="14494" started-at="2018-11-29T16:32:38Z" finished-at="2018-11-29T16:32:53Z">
          <params>
            <param index="0">
              <value>
                <![CDATA[public void tests.ImplicitExplicitWaits.title(java.lang.reflect.Method) throws java.lang.InterruptedException]]>
              </value>
            </param>
          </params>
          <reporter-output>
          </reporter-output>
        </test-method> <!-- title -->
        <test-method status="PASS" signature="afterMethod(org.testng.ITestResult, java.lang.reflect.Method)[pri:0, instance:tests.ImplicitExplicitWaits@4c75cab9]" name="afterMethod" is-config="true" duration-ms="0" started-at="2018-11-29T16:32:53Z" finished-at="2018-11-29T16:32:53Z">
          <params>
            <param index="0">
              <value>
                <![CDATA[[TestResult name=title status=SUCCESS method=ImplicitExplicitWaits.title(java.lang.reflect.Method)[pri:0, instance:tests.ImplicitExplicitWaits@4c75cab9] output={null}]]]>
              </value>
            </param>
            <param index="1">
              <value>
                <![CDATA[public void tests.ImplicitExplicitWaits.title(java.lang.reflect.Method) throws java.lang.InterruptedException]]>
              </value>
            </param>
          </params>
          <reporter-output>
          </reporter-output>
        </test-method> <!-- afterMethod -->
      </class> <!-- tests.ImplicitExplicitWaits -->
      <class name="tests.Title">
        <test-method status="PASS" signature="title(java.lang.reflect.Method)[pri:0, instance:tests.Title@12bc6874]" name="title" duration-ms="12989" started-at="2018-11-29T16:32:12Z" finished-at="2018-11-29T16:32:25Z">
          <params>
            <param index="0">
              <value>
                <![CDATA[public void tests.Title.title(java.lang.reflect.Method) throws java.lang.InterruptedException]]>
              </value>
            </param>
          </params>
          <reporter-output>
          </reporter-output>
        </test-method> <!-- title -->
        <test-method status="PASS" signature="afterMethod(org.testng.ITestResult, java.lang.reflect.Method)[pri:0, instance:tests.Title@12bc6874]" name="afterMethod" is-config="true" duration-ms="0" started-at="2018-11-29T16:32:25Z" finished-at="2018-11-29T16:32:25Z">
          <params>
            <param index="0">
              <value>
                <![CDATA[[TestResult name=title status=SUCCESS method=Title.title(java.lang.reflect.Method)[pri:0, instance:tests.Title@12bc6874] output={null}]]]>
              </value>
            </param>
            <param index="1">
              <value>
                <![CDATA[public void tests.Title.title(java.lang.reflect.Method) throws java.lang.InterruptedException]]>
              </value>
            </param>
          </params>
          <reporter-output>
          </reporter-output>
        </test-method> <!-- afterMethod -->
      </class> <!-- tests.Title -->
    </test> <!-- tests -->
  </suite> <!-- Inmar_Selenium -->
</testng-results>
